0 info it worked if it ends with ok
1 verbose cli [ '/home/motoko/programs/node-v5.9.0-linux-x64/bin/node',
1 verbose cli   '/home/motoko/programs/node/bin/npm',
1 verbose cli   'start' ]
2 info using npm@3.7.3
3 info using node@v5.9.0
4 verbose run-script [ 'prestart', 'start', 'poststart' ]
5 info lifecycle rest-server@0.0.0~prestart: rest-server@0.0.0
6 silly lifecycle rest-server@0.0.0~prestart: no script for prestart, continuing
7 info lifecycle rest-server@0.0.0~start: rest-server@0.0.0
8 verbose lifecycle rest-server@0.0.0~start: unsafe-perm in lifecycle true
9 verbose lifecycle rest-server@0.0.0~start: PATH: /home/motoko/programs/node-v5.9.0-linux-x64/lib/node_modules/npm/bin/node-gyp-bin:/home/motoko/workspace/courses/server_side_development/w3/rest-server-passport/node_modules/.bin:/home/motoko/programs/node-v5.9.0-linux-x64/bin:/home/motoko/programs/WebStorm/bin:/home/motoko/programs/android-studio/bin:/home/motoko/programs/mongodb-linux-x86_64-ubuntu1410-clang-3.0.6/bin:/home/motoko/programs/apache-maven-3.3.3/bin:/home/motoko/programs/node/bin:/usr/local/sbin:/usr/local/bin:/usr/sbin:/usr/bin:/sbin:/bin:/usr/games:/usr/local/games:/opt/google_appengine:/usr/lib/jvm/java-8-oracle/bin:/usr/lib/jvm/java-8-oracle/db/bin:/usr/lib/jvm/java-8-oracle/jre/bin
10 verbose lifecycle rest-server@0.0.0~start: CWD: /home/motoko/workspace/courses/server_side_development/w3/rest-server-passport
11 silly lifecycle rest-server@0.0.0~start: Args: [ '-c', 'node ./bin/www' ]
12 silly lifecycle rest-server@0.0.0~start: Returned: code: 1  signal: null
13 info lifecycle rest-server@0.0.0~start: Failed to exec start script
14 verbose stack Error: rest-server@0.0.0 start: `node ./bin/www`
14 verbose stack Exit status 1
14 verbose stack     at EventEmitter.<anonymous> (/home/motoko/programs/node-v5.9.0-linux-x64/lib/node_modules/npm/lib/utils/lifecycle.js:239:16)
14 verbose stack     at emitTwo (events.js:100:13)
14 verbose stack     at EventEmitter.emit (events.js:185:7)
14 verbose stack     at ChildProcess.<anonymous> (/home/motoko/programs/node-v5.9.0-linux-x64/lib/node_modules/npm/lib/utils/spawn.js:24:14)
14 verbose stack     at emitTwo (events.js:100:13)
14 verbose stack     at ChildProcess.emit (events.js:185:7)
14 verbose stack     at maybeClose (internal/child_process.js:850:16)
14 verbose stack     at Process.ChildProcess._handle.onexit (internal/child_process.js:215:5)
15 verbose pkgid rest-server@0.0.0
16 verbose cwd /home/motoko/workspace/courses/server_side_development/w3/rest-server-passport
17 error Linux 3.19.0-33-generic
18 error argv "/home/motoko/programs/node-v5.9.0-linux-x64/bin/node" "/home/motoko/programs/node/bin/npm" "start"
19 error node v5.9.0
20 error npm  v3.7.3
21 error code ELIFECYCLE
22 error rest-server@0.0.0 start: `node ./bin/www`
22 error Exit status 1
23 error Failed at the rest-server@0.0.0 start script 'node ./bin/www'.
23 error Make sure you have the latest version of node.js and npm installed.
23 error If you do, this is most likely a problem with the rest-server package,
23 error not with npm itself.
23 error Tell the author that this fails on your system:
23 error     node ./bin/www
23 error You can get information on how to open an issue for this project with:
23 error     npm bugs rest-server
23 error Or if that isn't available, you can get their info via:
23 error     npm owner ls rest-server
23 error There is likely additional logging output above.
24 verbose exit [ 1, true ]
